Flutter crash report.
Please report a bug at https://github.com/flutter/flutter/issues.

## command

flutter run -d macos

## exception

RPCError: _createDevFS: (-32603) Internal error
_createDevFS: Unexpected exception:PathAccessException: Creation of temporary directory failed, path = '/tmp' (OS Error: Operation not permitted, errno = 1)
#0      _checkForErrorResponse (dart:io/common.dart:56:9)
#1      _Directory.createTemp.<anonymous closure> (dart:io/directory_impl.dart:147:7)
<asynchronous suspension>
#2      createTempDirCallback (dart:vmservice_io:103:16)
<asynchronous suspension>
#3      DevFS._createDevFS (dart:_vmservice/devfs.dart:182:21)
<asynchronous suspension>
#4      VMService._routeRequestImpl (dart:_vmservice:791:16)
<asynchronous suspension>
#5      VMService.routeRequest (dart:_vmservice:754:22)
<asynchronous suspension>
#6      WebSocketClient.post (dart:vmservice_io/vmservice_server.dart:64:3)
<asynchronous suspension>


```
#0      new _OutstandingRequest (package:vm_service/src/vm_service.dart:265:34)
#1      VmService._call.<anonymous closure> (package:vm_service/src/vm_service.dart:1921:25)
#2      VmService._call (package:vm_service/src/vm_service.dart:1933:8)
#3      VmService.callServiceExtension (package:vm_service/src/vm_service.dart:1872:14)
#4      FlutterVmService.createDevFS (package:flutter_tools/src/vmservice.dart:1059:20)
#5      DevFS.create (package:flutter_tools/src/devfs.dart:516:61)
#6      FlutterDevice.setupDevFS (package:flutter_tools/src/resident_runner.dart:389:19)
#7      HotRunner._initDevFS (package:flutter_tools/src/run_hot.dart:479:23)
#8      HotRunner.attach (package:flutter_tools/src/run_hot.dart:270:41)
<asynchronous suspension>
#9      RunCommand.runCommand (package:flutter_tools/src/commands/run.dart:854:27)
<asynchronous suspension>
#10     FlutterCommand.run.<anonymous closure> (package:flutter_tools/src/runner/flutter_command.dart:1450:27)
<asynchronous suspension>
#11     AppContext.run.<anonymous closure> (package:flutter_tools/src/base/context.dart:153:19)
<asynchronous suspension>
#12     CommandRunner.runCommand (package:args/command_runner.dart:212:13)
<asynchronous suspension>
#13     FlutterCommandRunner.runCommand.<anonymous closure> (package:flutter_tools/src/runner/flutter_command_runner.dart:421:9)
<asynchronous suspension>
#14     AppContext.run.<anonymous closure> (package:flutter_tools/src/base/context.dart:153:19)
<asynchronous suspension>
#15     FlutterCommandRunner.runCommand (package:flutter_tools/src/runner/flutter_command_runner.dart:364:5)
<asynchronous suspension>
#16     run.<anonymous closure>.<anonymous closure> (package:flutter_tools/runner.dart:131:9)
<asynchronous suspension>
#17     AppContext.run.<anonymous closure> (package:flutter_tools/src/base/context.dart:153:19)
<asynchronous suspension>
#18     main (package:flutter_tools/executable.dart:94:3)
<asynchronous suspension>
```

## flutter doctor

```
[32m[✓][39m Flutter (Channel stable, 3.27.1, on macOS 13.7.8 22H730 darwin-x64, locale en-BE)
    [32m•[39m Flutter version 3.27.1 on channel stable at /Users/dirkpuis/code/Libs/flutter
    [32m•[39m Upstream repository https://github.com/flutter/flutter.git
    [32m•[39m Framework revision 17025dd882 (11 months ago), 2024-12-17 03:23:09 +0900
    [32m•[39m Engine revision cb4b5fff73
    [32m•[39m Dart version 3.6.0
    [32m•[39m DevTools version 2.40.2

[31m[✗][39m Android toolchain - develop for Android devices
    [31m✗[39m Unable to locate Android SDK.
      Install Android Studio from: https://developer.android.com/studio/index.html
      On first launch it will assist you in installing the Android SDK components.
      (or visit https://flutter.dev/to/macos-android-setup for detailed instructions).
      If the Android SDK has been installed to a custom location, please use
      `flutter config --android-sdk` to update to that location.


[32m[✓][39m Xcode - develop for iOS and macOS (Xcode 15.2)
    [32m•[39m Xcode at /Applications/Xcode.app/Contents/Developer
    [32m•[39m Build 15C500b
    [32m•[39m CocoaPods version 1.16.2

[32m[✓][39m Chrome - develop for the web
    [32m•[39m Chrome at /Applications/Google Chrome.app/Contents/MacOS/Google Chrome

[33m[!][39m Android Studio (not installed)
    [32m•[39m Android Studio not found; download from https://developer.android.com/studio/index.html
      (or visit https://flutter.dev/to/macos-android-setup for detailed instructions).

[32m[✓][39m VS Code (version 1.106.0)
    [32m•[39m VS Code at /Applications/Visual Studio Code.app/Contents
    [32m•[39m Flutter extension version 3.122.0

[32m[✓][39m Connected device (2 available)
    [32m•[39m macOS (desktop) • macos  • darwin-x64     • macOS 13.7.8 22H730 darwin-x64
    [32m•[39m Chrome (web)    • chrome • web-javascript • Google Chrome 142.0.7444.162

[32m[✓][39m Network resources
    [32m•[39m All expected network resources are available.

[33m![39m Doctor found issues in 2 categories.
```
